<?xml version="1.0" encoding="UTF-8"?>
<!-- Generated by org.testng.reporters.JUnitReportReporter -->
<testsuite skipped="0" hostname="TARUNSALVE" name="actitimetest.ActitimeTest" tests="1" failures="0" timestamp="02 Feb 2021 13:38:10 GMT" time="10.405" errors="0">
  <testcase name="testLogin" time="10.405" classname="actitimetest.ActitimeTest"/>
</testsuite> <!-- actitimetest.ActitimeTest -->
