<?xml version="1.0" encoding="UTF-8"?>
<!-- Generated by org.testng.reporters.JUnitReportReporter -->
<testsuite skipped="0" hostname="TARUNSALVE" name="testngpack.NotationCase2" tests="4" failures="0" timestamp="2021-01-20T13:17:20 IST" time="0.062" errors="0">
  <testcase name="a" time="0.031" classname="testngpack.NotationCase2"/>
  <system-out>
THIS IS METHOD A  </system-out>
  <testcase name="z" time="0.016" classname="testngpack.NotationCase2"/>
  <system-out>
THIS IS METHOD Z  </system-out>
  <testcase name="b" time="0.000" classname="testngpack.NotationCase2"/>
  <system-out>
THIS IS METHOD B  </system-out>
  <testcase name="c" time="0.015" classname="testngpack.NotationCase2"/>
  <system-out>
THIS IS METHOD C  </system-out>
</testsuite> <!-- testngpack.NotationCase2 -->
