<?xml version="1.0" encoding="UTF-8"?>
<!-- Generated by org.testng.reporters.JUnitReportReporter -->
<testsuite skipped="0" hostname="TARUNSALVE" name="testngpack.GroupingTC" tests="8" failures="0" timestamp="2021-01-21T16:18:34 IST" time="0.021" errors="0">
  <testcase name="IT03" time="0.002" classname="testngpack.GroupingTC"/>
  <system-out>
Integration 3  </system-out>
  <testcase name="SM03" time="0.000" classname="testngpack.GroupingTC"/>
  <system-out>
Smoke 3  </system-out>
  <testcase name="SM04" time="0.000" classname="testngpack.GroupingTC"/>
  <system-out>
Smoke 4  </system-out>
  <testcase name="IT02" time="0.000" classname="testngpack.GroupingTC"/>
  <system-out>
Integration 2  </system-out>
  <testcase name="IT01" time="0.000" classname="testngpack.GroupingTC"/>
  <system-out>
Integration 1  </system-out>
  <testcase name="SM01" time="0.000" classname="testngpack.GroupingTC"/>
  <system-out>
Smoke 1  </system-out>
  <testcase name="SM02" time="0.011" classname="testngpack.GroupingTC"/>
  <system-out>
Smoke 2  </system-out>
  <testcase name="IT04" time="0.008" classname="testngpack.GroupingTC"/>
  <system-out>
Integration 4  </system-out>
</testsuite> <!-- testngpack.GroupingTC -->
