<?xml version="1.0" encoding="UTF-8"?>
<!-- Generated by org.testng.reporters.JUnitReportReporter -->
<testsuite skipped="0" hostname="TARUNSALVE" name="testngpack.SeleniumGrid_2" tests="1" failures="0" timestamp="2021-02-01T20:21:56 IST" time="4.077" errors="0">
  <testcase name="simpleTest" time="4.077" classname="testngpack.SeleniumGrid_2"/>
  <system-out/>
</testsuite> <!-- testngpack.SeleniumGrid_2 -->
