<?xml version="1.0" encoding="UTF-8"?>
<!-- Generated by org.testng.reporters.JUnitReportReporter -->
<testsuite skipped="0" hostname="TARUNSALVE" name="parallelexecution.DataProviderEx" tests="3" failures="0" timestamp="2021-01-26T16:08:01 IST" time="76.884" errors="0">
  <testcase name="loginTest" time="28.015" classname="parallelexecution.DataProviderEx"/>
  <system-out/>
  <testcase name="loginTest" time="25.768" classname="parallelexecution.DataProviderEx"/>
  <system-out/>
  <testcase name="loginTest" time="23.101" classname="parallelexecution.DataProviderEx"/>
  <system-out/>
</testsuite> <!-- parallelexecution.DataProviderEx -->
