<?xml version="1.0" encoding="UTF-8"?>
<!-- Generated by org.testng.reporters.JUnitReportReporter -->
<testsuite skipped="0" hostname="TARUNSALVE" name="parallelexecution.ParallelClass2" tests="1" failures="0" timestamp="2021-01-26T16:24:59 IST" time="12.776" errors="0">
  <testcase name="test2" time="12.776" classname="parallelexecution.ParallelClass2"/>
  <system-out>
this is test2  </system-out>
</testsuite> <!-- parallelexecution.ParallelClass2 -->
