<?xml version="1.0" encoding="UTF-8"?>
<!-- Generated by org.testng.reporters.JUnitReportReporter -->
<testsuite skipped="0" hostname="TARUNSALVE" name="parallelexecution.ParallelClass1" tests="1" failures="0" timestamp="2021-01-26T16:24:59 IST" time="12.734" errors="0">
  <testcase name="test1" time="12.734" classname="parallelexecution.ParallelClass1"/>
  <system-out>
this is test1  </system-out>
</testsuite> <!-- parallelexecution.ParallelClass1 -->
