<?xml version="1.0" encoding="UTF-8"?>
<!-- Generated by org.testng.reporters.JUnitReportReporter -->
<testsuite skipped="0" hostname="TARUNSALVE" name="testngpack.NotationCase5" tests="4" failures="0" timestamp="2021-01-21T09:53:51 IST" time="0.039" errors="0">
  <testcase name="c" time="0.004" classname="testngpack.NotationCase5"/>
  <system-out>
THIS IS METHOD C  </system-out>
  <testcase name="b" time="0.026" classname="testngpack.NotationCase5"/>
  <system-out>
THIS IS METHOD B  </system-out>
  <testcase name="z" time="0.005" classname="testngpack.NotationCase5"/>
  <system-out>
THIS IS METHOD Z  </system-out>
  <testcase name="a" time="0.004" classname="testngpack.NotationCase5"/>
  <system-out>
THIS IS METHOD A  </system-out>
</testsuite> <!-- testngpack.NotationCase5 -->
