<?xml version="1.0" encoding="UTF-8"?>
<!-- Generated by org.testng.reporters.JUnitReportReporter -->
<testsuite skipped="0" hostname="TARUNSALVE" name="testngpack.DependsOnMEx" tests="4" failures="0" timestamp="2021-01-21T14:52:28 IST" time="0.037" errors="0">
  <testcase name="a" time="0.023" classname="testngpack.DependsOnMEx"/>
  <system-out>
a method  </system-out>
  <testcase name="logIn" time="0.004" classname="testngpack.DependsOnMEx"/>
  <system-out>
login method  </system-out>
  <testcase name="homePage" time="0.006" classname="testngpack.DependsOnMEx"/>
  <system-out>
home page is depend on login page  </system-out>
  <testcase name="logOut" time="0.004" classname="testngpack.DependsOnMEx"/>
  <system-out>
logout method  </system-out>
</testsuite> <!-- testngpack.DependsOnMEx -->
