<?xml version="1.0" encoding="UTF-8"?>
<!-- Generated by org.testng.reporters.JUnitReportReporter -->
<testsuite skipped="0" hostname="TARUNSALVE" name="parallelexecution.ParallelClass3" tests="1" failures="0" timestamp="2021-01-26T16:24:59 IST" time="12.675" errors="0">
  <testcase name="test3" time="12.675" classname="parallelexecution.ParallelClass3"/>
  <system-out>
this is test3  </system-out>
</testsuite> <!-- parallelexecution.ParallelClass3 -->
