<?xml version="1.0" encoding="UTF-8"?>
<!-- Generated by org.testng.reporters.JUnitReportReporter -->
<testsuite skipped="0" hostname="TARUNSALVE" name="testngpack.BrowserOpenByXml" tests="2" failures="0" timestamp="2021-01-22T20:17:47 IST" time="59.077" errors="0">
  <testcase name="login" time="13.646" classname="testngpack.BrowserOpenByXml"/>
  <system-out/>
  <testcase name="login" time="45.431" classname="testngpack.BrowserOpenByXml"/>
  <system-out/>
</testsuite> <!-- testngpack.BrowserOpenByXml -->
