<?xml version="1.0" encoding="UTF-8"?>
<!-- Generated by org.testng.reporters.JUnitReportReporter -->
<testsuite skipped="0" hostname="TARUNSALVE" name="testngpack.Demo" tests="1" failures="0" timestamp="2021-01-17T21:29:23 IST" time="0.003" errors="0">
  <testcase name="run" time="0.003" classname="testngpack.Demo"/>
  <system-out>
from class demo run method  </system-out>
</testsuite> <!-- testngpack.Demo -->
