<?xml version="1.0" encoding="UTF-8"?>
<!-- Generated by org.testng.reporters.JUnitReportReporter -->
<testsuite skipped="0" hostname="TARUNSALVE" name="testngpack.Sumo" tests="1" failures="0" timestamp="2021-01-17T21:29:23 IST" time="0.026" errors="0">
  <testcase name="gun" time="0.026" classname="testngpack.Sumo"/>
  <system-out>
this is gun mthod from sumo class  </system-out>
</testsuite> <!-- testngpack.Sumo -->
