<?xml version="1.0" encoding="UTF-8"?>
<!-- Generated by org.testng.reporters.JUnitReportReporter -->
<testsuite skipped="0" hostname="TARUNSALVE" name="testngpack.NotationCase4" tests="3" failures="0" timestamp="2021-01-21T09:25:11 IST" time="0.031" errors="0">
  <testcase name="c" time="0.024" classname="testngpack.NotationCase4"/>
  <system-out>
THIS IS METHOD C  </system-out>
  <testcase name="a" time="0.003" classname="testngpack.NotationCase4"/>
  <system-out>
THIS IS METHOD A  </system-out>
  <testcase name="b" time="0.004" classname="testngpack.NotationCase4"/>
  <system-out>
THIS IS METHOD B  </system-out>
</testsuite> <!-- testngpack.NotationCase4 -->
