<?xml version="1.0" encoding="UTF-8"?>
<!-- Generated by org.testng.reporters.JUnitReportReporter -->
<testsuite skipped="0" hostname="TARUNSALVE" name="testngpack.NotationCase1" tests="5" failures="0" timestamp="2021-01-20T13:13:58 IST" time="0.031" errors="0">
  <testcase name="b" time="0.000" classname="testngpack.NotationCase1"/>
  <system-out>
THIS IS METHOD B  </system-out>
  <testcase name="c" time="0.000" classname="testngpack.NotationCase1"/>
  <system-out>
THIS IS METHOD C  </system-out>
  <testcase name="z" time="0.000" classname="testngpack.NotationCase1"/>
  <system-out>
THIS IS METHOD Z  </system-out>
  <testcase name="d" time="0.000" classname="testngpack.NotationCase1"/>
  <system-out>
THIS IS METHOD D  </system-out>
  <testcase name="a" time="0.031" classname="testngpack.NotationCase1"/>
  <system-out>
THIS IS METHOD A  </system-out>
</testsuite> <!-- testngpack.NotationCase1 -->
