<?xml version="1.0" encoding="UTF-8"?>
<!-- Generated by org.testng.reporters.JUnitReportReporter -->
<testsuite skipped="0" hostname="TARUNSALVE" name="testngpack.GoogleTestng" tests="3" failures="0" timestamp="2021-01-19T22:07:24 IST" time="40.014" errors="0">
  <testcase name="googleTitleTest" time="9.614" classname="testngpack.GoogleTestng"/>
  <system-out/>
  <testcase name="googleSearchBoxTest" time="9.821" classname="testngpack.GoogleTestng"/>
  <system-out/>
  <testcase name="feelingLuckyButtonTest" time="20.579" classname="testngpack.GoogleTestng"/>
  <system-out/>
</testsuite> <!-- testngpack.GoogleTestng -->
