<?xml version="1.0" encoding="UTF-8"?>
<!-- Generated by org.testng.reporters.JUnitReportReporter -->
<testsuite skipped="0" hostname="TARUNSALVE" name="testngpack.InvocationCEx" tests="5" failures="0" timestamp="2021-01-21T11:44:23 IST" time="0.041" errors="0">
  <testcase name="a" time="0.003" classname="testngpack.InvocationCEx"/>
  <system-out>
method A  </system-out>
  <testcase name="a" time="0.004" classname="testngpack.InvocationCEx"/>
  <system-out>
method A  </system-out>
  <testcase name="c" time="0.005" classname="testngpack.InvocationCEx"/>
  <system-out>
method C  </system-out>
  <testcase name="b" time="0.004" classname="testngpack.InvocationCEx"/>
  <system-out>
method B  </system-out>
  <testcase name="a" time="0.025" classname="testngpack.InvocationCEx"/>
  <system-out>
method A  </system-out>
</testsuite> <!-- testngpack.InvocationCEx -->
