<?xml version="1.0" encoding="UTF-8"?>
<!-- Generated by org.testng.reporters.JUnitReportReporter -->
<testsuite skipped="0" hostname="TARUNSALVE" name="testngpack.SampleTestForNotation" tests="3" failures="0" timestamp="2021-01-19T21:18:40 IST" time="0.029" errors="0">
  <testcase name="a" time="0.018" classname="testngpack.SampleTestForNotation"/>
  <system-out>
this is test notation  </system-out>
  <testcase name="a2" time="0.006" classname="testngpack.SampleTestForNotation"/>
  <system-out>
this is test2 notation  </system-out>
  <testcase name="a1" time="0.005" classname="testngpack.SampleTestForNotation"/>
  <system-out>
this is test1 notation  </system-out>
</testsuite> <!-- testngpack.SampleTestForNotation -->
