<?xml version="1.0" encoding="UTF-8"?>
<!-- Generated by org.testng.reporters.JUnitReportReporter -->
<testsuite skipped="0" hostname="TARUNSALVE" name="testngpack.ActitimeLog" tests="1" failures="0" timestamp="2021-01-22T17:46:15 IST" time="19.547" errors="0">
  <testcase name="actiTimeLog" time="19.547" classname="testngpack.ActitimeLog"/>
  <system-out/>
</testsuite> <!-- testngpack.ActitimeLog -->
