<?xml version="1.0" encoding="UTF-8"?>
<!-- Generated by org.testng.reporters.JUnitReportReporter -->
<testsuite skipped="0" hostname="TARUNSALVE" name="parallelexecution.methodparallel" tests="2" failures="0" timestamp="2021-01-25T16:36:51 IST" time="39.419" errors="0">
  <testcase name="oneForFlipkart" time="18.280" classname="parallelexecution.methodparallel"/>
  <system-out/>
  <testcase name="oneForGoogle" time="21.139" classname="parallelexecution.methodparallel"/>
  <system-out/>
</testsuite> <!-- parallelexecution.methodparallel -->
