<?xml version="1.0" encoding="UTF-8"?>
<!-- Generated by org.testng.reporters.JUnitReportReporter -->
<testsuite skipped="0" hostname="TARUNSALVE" name="actitimetest.ActitimeTest" tests="1" failures="0" timestamp="04 Feb 2021 13:44:05 GMT" time="6.440" errors="0">
  <testcase name="testLogin" time="6.440" classname="actitimetest.ActitimeTest"/>
</testsuite> <!-- actitimetest.ActitimeTest -->
